Arguments: 
  /snap/node/4749/bin/node /snap/node/4749/bin/yarn.js config get registry

PATH: 
  /home/ralph/JavascriptProjects/R&D/node_modules/.bin:/home/ralph/JavascriptProjects/node_modules/.bin:/home/ralph/node_modules/.bin:/home/node_modules/.bin:/node_modules/.bin:/usr/local/lib/node_modules/npm/node_modules/@npmcli/run-script/lib/node-gyp-bin:/home/ralph/.npm/_npx/c67e74de0542c87c/node_modules/.bin:/usr/local/sbin:/usr/local/bin:/usr/sbin:/usr/bin:/sbin:/bin:/usr/games:/usr/local/games:/snap/bin:/home/ralph/src/flutter/bin:/home/ralph/src/flutter/bin

Yarn version: 
  1.22.5

Node version: 
  12.22.1

Platform: 
  linux x64

Trace: 
  Error: EACCES: permission denied, write
      at writeSync (fs.js:679:3)
      at SyncWriteStream._write (internal/fs/sync_write_stream.js:24:3)
      at doWrite (_stream_writable.js:403:12)
      at writeOrBuffer (_stream_writable.js:387:5)
      at SyncWriteStream.Writable.write (_stream_writable.js:318:11)
      at ConsoleReporter._log (/snap/node/4749/lib/cli.js:96770:17)
      at ConsoleReporter.log (/snap/node/4749/lib/cli.js:96758:10)
      at get (/snap/node/4749/lib/cli.js:87536:14)
      at Object.<anonymous> (/snap/node/4749/lib/cli.js:25940:25)
      at Generator.next (<anonymous>)

npm manifest: 
  {
    "name": "peer-call",
    "version": "0.1.0",
    "private": true
  }

yarn manifest: 
  No manifest

Lockfile: 
  No lockfile
